<?xml version="1.0" encoding="UTF-8"?>
<testsuite name="ComputerRepairRequestTest" tests="2" skipped="0" failures="0" errors="0" timestamp="2025-03-04T09:00:38" hostname="DESKTOP-S0ASSAC" time="0.023">
  <properties/>
  <testcase name="Primul test" classname="ComputerRepairRequestTest" time="0.021"/>
  <testcase name="Al doilea test" classname="ComputerRepairRequestTest" time="0.001"/>
  <system-out><![CDATA[]]></system-out>
  <system-err><![CDATA[]]></system-err>
</testsuite>
